Copyright 1986-2021 Xilinx, Inc. All Rights Reserved.
--------------------------------------------------------------------------------------------------------------------------------------------------------------------------------------
| Tool Version : Vivado v.2021.1 (win64) Build 3247384 Thu Jun 10 19:36:33 MDT 2021
| Date         : Thu Dec  9 14:25:54 2021
| Host         : ET-di-sim running 64-bit major release  (build 9200)
| Command      : report_methodology -file AUDIO_SYSTEM_TOP_methodology_drc_routed.rpt -pb AUDIO_SYSTEM_TOP_methodology_drc_routed.pb -rpx AUDIO_SYSTEM_TOP_methodology_drc_routed.rpx
| Design       : AUDIO_SYSTEM_TOP
| Device       : xc7a100tcsg324-2L
| Speed File   : -2L
| Design State : Fully Routed
--------------------------------------------------------------------------------------------------------------------------------------------------------------------------------------

Report Methodology

Table of Contents
-----------------
1. REPORT SUMMARY
2. REPORT DETAILS

1. REPORT SUMMARY
-----------------
            Netlist: netlist
          Floorplan: design_1
      Design limits: <entire design considered>
             Max violations: <unlimited>
             Violations found: 5
+-----------+----------+-------------------------------+------------+
| Rule      | Severity | Description                   | Violations |
+-----------+----------+-------------------------------+------------+
| TIMING-18 | Warning  | Missing input or output delay | 5          |
+-----------+----------+-------------------------------+------------+

2. REPORT DETAILS
-----------------
TIMING-18#1 Warning
Missing input or output delay  
An input delay is missing on DIN relative to clock(s) CLK
Related violations: <none>

TIMING-18#2 Warning
Missing input or output delay  
An output delay is missing on BCK relative to clock(s) CLK
Related violations: <none>

TIMING-18#3 Warning
Missing input or output delay  
An output delay is missing on DOUT relative to clock(s) CLK
Related violations: <none>

TIMING-18#4 Warning
Missing input or output delay  
An output delay is missing on LRC relative to clock(s) CLK
Related violations: <none>

TIMING-18#5 Warning
Missing input or output delay  
An output delay is missing on SYSCLK relative to clock(s) CLK
Related violations: <none>


