#-----------------------------------------------------------
# Vivado v2020.1 (64-bit)
# SW Build 2902540 on Wed May 27 19:54:49 MDT 2020
# IP Build 2902112 on Wed May 27 22:43:36 MDT 2020
# Start of session at: Mon Jan 10 13:11:06 2022
# Process ID: 6500
# Current directory: C:/Users/acr922/Desktop/project_1
# Command line: vivado.exe -gui_launcher_event rodinguilauncherevent3552 C:\Users\acr922\Desktop\project_1\project_1.xpr
# Log file: C:/Users/acr922/Desktop/project_1/vivado.log
# Journal file: C:/Users/acr922/Desktop/project_1\vivado.jou
#-----------------------------------------------------------
start_gui
open_project C:/Users/acr922/Desktop/project_1/project_1.xpr
Scanning sources...
Finished scanning sources
INFO: [IP_Flow 19-234] Refreshing IP repositories
INFO: [IP_Flow 19-1704] No user IP repositories specified
INFO: [IP_Flow 19-2313] Loaded Vivado IP repository 'C:/Xilinx/Vivado/2020.1/data/ip'.
open_project: Time (s): cpu = 00:00:16 ; elapsed = 00:00:07 . Memory (MB): peak = 1074.086 ; gain = 0.000
update_compile_order -fileset sources_1
open_hw_manager
reset_run synth_1
launch_runs impl_1 -to_step write_bitstream -jobs 4
[Mon Jan 10 13:11:50 2022] Launched synth_1...
Run output will be captured here: C:/Users/acr922/Desktop/project_1/project_1.runs/synth_1/runme.log
[Mon Jan 10 13:11:50 2022] Launched impl_1...
Run output will be captured here: C:/Users/acr922/Desktop/project_1/project_1.runs/impl_1/runme.log
